2025-08-22 13:33:26 - c.e.n.NewsAssistantApplication - INFO  - Starting NewsAssistantApplication using Java 11.0.12 on LAPTOP-8RBKRIIT with PID 18012 (E:\prework\news-assistant-combine\news-assistant-backend\target\classes started by 86158 in E:\prework\news-assistant-combine)
2025-08-22 13:33:26 - o.h.validator.internal.util.Version - INFO  - HV000001: Hibernate Validator 6.2.5.Final
2025-08-22 13:33:26 - c.e.n.NewsAssistantApplication - INFO  - No active profile set, falling back to 1 default profile: "default"
2025-08-22 13:33:30 - o.s.b.w.e.tomcat.TomcatWebServer - INFO  - Tomcat initialized with port(s): 3001 (http)
2025-08-22 13:33:30 - o.a.c.core.AprLifecycleListener - INFO  - An older version [1.2.25] of the Apache Tomcat Native library is installed, while Tomcat recommends a minimum version of [1.2.38]
2025-08-22 13:33:30 - o.a.c.core.AprLifecycleListener - INFO  - Loaded Apache Tomcat Native library [1.2.25] using APR version [1.7.0].
2025-08-22 13:33:30 - o.a.c.core.AprLifecycleListener - INFO  - APR capabilities: IPv6 [true], sendfile [true], accept filters [false], random [true], UDS [false].
2025-08-22 13:33:30 - o.a.c.core.AprLifecycleListener - INFO  - APR/OpenSSL configuration: useAprConnector [false], useOpenSSL [true]
2025-08-22 13:33:30 - o.a.c.core.AprLifecycleListener - INFO  - OpenSSL successfully initialized [OpenSSL 1.1.1g  21 Apr 2020]
2025-08-22 13:33:30 - o.a.coyote.http11.Http11NioProtocol - INFO  - Initializing ProtocolHandler ["http-nio-3001"]
2025-08-22 13:33:30 - o.a.catalina.core.StandardService - INFO  - Starting service [Tomcat]
2025-08-22 13:33:30 - o.a.catalina.core.StandardEngine - INFO  - Starting Servlet engine: [Apache Tomcat/9.0.83]
2025-08-22 13:33:31 - o.a.c.c.C.[Tomcat].[localhost].[/] - INFO  - Initializing Spring embedded WebApplicationContext
2025-08-22 13:33:31 - o.s.b.w.s.c.ServletWebServerApplicationContext - INFO  - Root WebApplicationContext: initialization completed in 4691 ms
2025-08-22 13:33:32 - o.s.b.a.e.web.EndpointLinksResolver - INFO  - Exposing 1 endpoint(s) beneath base path '/actuator'
2025-08-22 13:33:32 - o.a.coyote.http11.Http11NioProtocol - INFO  - Starting ProtocolHandler ["http-nio-3001"]
2025-08-22 13:33:32 - o.s.b.w.e.tomcat.TomcatWebServer - INFO  - Tomcat started on port(s): 3001 (http) with context path ''
2025-08-22 13:33:33 - c.e.n.NewsAssistantApplication - INFO  - Started NewsAssistantApplication in 7.962 seconds (JVM running for 9.21)
2025-08-22 13:33:37 - o.a.c.c.C.[Tomcat].[localhost].[/] - INFO  - Initializing Spring DispatcherServlet 'dispatcherServlet'
2025-08-22 13:33:37 - o.s.web.servlet.DispatcherServlet - INFO  - Initializing Servlet 'dispatcherServlet'
2025-08-22 13:33:37 - o.s.web.servlet.DispatcherServlet - INFO  - Completed initialization in 2 ms
